timestamp	prediction_convnet	prediction_tf	entry_price	next_price	convnet_result	tf_result	winner_label	open	high	low	close	volume	volatility	priceChange	candleSize	priceChangePct	timestamp_extra
1757880000000	bull	bear	98450	98894.4	win	loss	strong_bull	98226.7	98490.2	98226.7	98450	19.03181711	1757880000000
1757883600000	bull	bear	98900.5	98368.2	loss	win	strong_bull	98450	98920	98449.9	98900.5	28.76757839	1757883600000
1757887200000	bull	bear	98894.4	98144.4	loss	win	strong_bull	98900.5	98920	98694.2	98894.4	3.81335701	1757887200000
1757890800000	bull	bear	98368.2	98289	loss	win	strong_bull	98893.5	98895.3	98250	98368.2	1.77907289	1757890800000
1757894400000	bull	bear	98144.4	98436.1	win	loss	strong_bull	98368.3	98368.3	98125	98144.4	3.98075528	1757894400000
1757898000000	bull	bear	98289	98469.5	win	loss	strong_bull	98170.6	98339.3	98000	98289	1.02754676	1757898000000
1757901600000	bull	bear	98436.1	98925.9	win	loss	strong_bull	98289.1	98479.2	98289.1	98436.1	1.32088701	1757901600000
1757905200000	bull	bear	98469.5	99350	win	loss	strong_bull	98436.1	98579.2	98390.2	98469.5	1.18460961	1757905200000
1757908800000	bull	bear	98925.9	99067	win	loss	strong_bull	98469.5	98962	98380.9	98925.9	7.13153506	1757908800000
1757912400000	bull	bear	99350	98725.9	loss	win	strong_bull	98926	99350	98882.4	99350	8.6896198	1757912400000
1757916000000	bull	bear	99067	97797	loss	win	strong_bull	99350	99500	99026	99067	18.26579916	1757916000000
1757919600000	bull	bear	98725.9	97833.6	loss	win	strong_bull	99067	99200.1	98534.7	98725.9	8.95292575	1757919600000
1757923200000	bull	bear	97797	97692.5	loss	win	strong_bull	98725.9	98726	97747.1	97797	28.08959452	1757923200000
1757926800000	bull	bear	97833.6	97875.4	win	loss	strong_bull	97797	98099.6	97750	97833.6	22.95868449	1757926800000
1757930400000	bull	bear	97692.5	97519	loss	win	strong_bull	97833.6	97871.2	97615.5	97692.5	14.86711388	1757930400000
1757934000000	bull	bear	97875.4	97554.7	loss	win	strong_bull	97692.5	98000	97631.6	97875.4	22.5723038	1757934000000
1757937600000	bull	bear	97519	97588.5	win	loss	strong_bull	97866.1	97866.1	97500	97519	18.27252672	1757937600000
1757941200000	bull	bear	97554.7	97622.8	win	loss	strong_bull	97519	97913.9	97301	97554.7	14.41841415	1757941200000
1757944800000	bull	bear	97588.5	97543.6	loss	win	strong_bull	97554.7	97861.1	97402	97588.5	18.11663835	1757944800000
1757948400000	bull	bear	97622.8	97775	win	loss	strong_bull	97589.1	97672.1	97332.2	97622.8	9.20391301	1757948400000
1757952000000	bull	bear	97543.6	97984.2	win	loss	strong_bull	97593.6	97746.2	97448.5	97543.6	17.05625892	1757952000000
1757955600000	bull	bear	97775	98005.1	win	loss	strong_bull	97543.5	97777.7	97500.5	97775	6.25594495	1757955600000
1757959200000	bull	bear	97984.2	98103.7	win	loss	strong_bull	97775	98032.9	97667.2	97984.2	8.59752534	1757959200000
1757962800000	bull	bear	98005.1	98185	win	loss	strong_bull	97978.5	98195.5	97760	98005.1	5.22584298	1757962800000
1757966400000	bull	bear	98103.7	98049.8	loss	win	strong_bull	98005.1	98166.2	97975	98103.7	4.85910904	1757966400000
1757970000000	bull	bear	98185	98085.9	loss	win	strong_bull	98103.7	98185	98017	98185	2.83265911	1757970000000
1757973600000	bull	bear	98049.8	97863.9	loss	win	strong_bull	98185	98199	97975.1	98049.8	1.97297684	1757973600000
1757977200000	bull	bear	98085.9	97800.1	loss	win	strong_bull	98049.8	98181.1	98002	98085.9	4.32036594	1757977200000
1757980800000	bull	bear	97863.9	97754.5	loss	win	strong_bull	98086	98091.7	97800	97863.9	2.41546512	1757980800000
1757984400000	bull	bear	97800.1	97935.5	win	loss	strong_bull	97863.9	98200	97800	97800.1	1.30272408	1757984400000
1757988000000	bull	bear	97754.5	98079.9	win	loss	strong_bull	97800.1	97905.7	97754.4	97754.5	3.50545662	1757988000000
1757991600000	bull	bear	97935.5	98426.9	win	loss	strong_bull	97754.5	97985.5	97754.4	97935.5	1.10036174	1757991600000
1757995200000	bull	bear	98079.9	98270.6	win	loss	strong_bull	97935.5	98155.1	97686.3	98079.9	0.84190168	1757995200000
1757998800000	bull	bear	98426.9	98180	loss	win	strong_bull	98080	98439.6	98072.5	98426.9	4.03704282	1757998800000
1758002400000	bull	bear	98270.6	98090	loss	win	strong_bull	98426.9	98500	98117.8	98270.6	7.7406732	1758002400000
1758006000000	bull	bear	98180	97781	loss	win	strong_bull	98270.6	98307.5	98140.7	98180	17.06528266	1758006000000
1758009600000	bull	bear	98090	97725.6	loss	win	strong_bull	98180	98350.4	98008.7	98090	13.71368469	1758009600000
1758013200000	bull	bear	97781	97636	loss	win	strong_bull	98090.9	98118.3	97727.2	97781	7.65470964	1758013200000
1758016800000	bull	bear	97725.6	97828	win	loss	strong_bull	97781	97900	97720.2	97725.6	11.8478733	1758016800000
1758020400000	bull	bear	97636	97461.5	loss	win	strong_bull	97725.6	97817.6	97636	97636	6.54097994	1758020400000
1758024000000	bull	bear	97828	97320.4	loss	win	strong_bull	97636.1	97858.2	97606.7	97828	9.99162136	1758024000000
1758027600000	bull	bear	97461.5	97872.4	win	loss	strong_bull	97828	97858.1	97110	97461.5	38.07556254	1758027600000
1758031200000	bull	bear	97320.4	97869.7	win	loss	strong_bull	97461.5	97500	97100	97320.4	15.57452359	1758031200000
1758034800000	bull	bear	97872.4	98222	win	loss	strong_bull	97317.9	97872.4	97193.8	97872.4	68.19802881	1758034800000
1758038400000	bull	bear	97869.7	98148.9	win	loss	strong_bull	97856.6	97899	97534.8	97869.7	9.7071952	1758038400000
1758042000000	bull	bear	98222	98500	win	loss	strong_bull	97869.8	98420	97864.7	98222	17.05699508	1758042000000
1758045600000	bull	bear	98148.9	98523.2	win	loss	strong_bull	98222.1	98409.7	97994.9	98148.9	7.42654488	1758045600000
1758049200000	bull	bear	98500	98503.3	win	loss	strong_bull	98145.1	98500	98145.1	98500	10.83168215	1758049200000
1758052800000	bull	bear	98523.2	98523.8	win	loss	strong_bull	98500	98580.1	98428.3	98523.2	6.460162	1758052800000
1758056400000	bull	bear	98503.3	98400	loss	win	strong_bull	98502.8	98600	98346.4	98503.3	4.20683746	1758056400000
1758060000000	bull	bear	98523.8	98408	loss	win	strong_bull	98500	98600	98404.8	98523.8	2.67414478	1758060000000
1758063600000	bull	bear	98400	98450.4	win	loss	strong_bull	98523.8	98551.3	98301	98400	3.81523988	1758063600000
1758067200000	bull	bear	98408	98500.1	win	loss	strong_bull	98400.1	98439.6	98272.5	98408	3.07588307	1758067200000
1758070800000	bull	bear	98450.4	98235.1	loss	win	strong_bull	98408	98523	98356.8	98450.4	0.94414744	1758070800000
1758074400000	bull	bear	98500.1	98160	loss	win	strong_bull	98459.8	98721	98355.4	98500.1	4.43793552	1758074400000
1758078000000	bull	bear	98235.1	98817.5	win	loss	strong_bull	98500.1	98511.2	98228.3	98235.1	0.81743941	1758078000000
1758081600000	bull	bear	98160	98901.9	win	loss	strong_bull	98235.1	98309.4	98050.2	98160	0.93274399	1758081600000
1758085200000	bull	bear	98817.5	99015.1	win	loss	strong_bull	98170.8	98817.6	98164.8	98817.5	12.74470892	1758085200000
1758088800000	bull	bear	98901.9	98999.2	win	loss	strong_bull	98817.6	98902	98730.6	98901.9	16.14416444	1758088800000
1758092400000	bull	bear	99015.1	98686.1	loss	win	strong_bull	98902	99032.2	98898.8	99015.1	13.10604392	1758092400000
1758096000000	bull	bear	98999.2	98356.3	loss	win	strong_bull	98982.6	99000.6	98982.6	98999.2	0.03413782	1758096000000
1758099600000	bull	bear	98686.1	98227.5	loss	win	strong_bull	98686.1	98686.1	98686.1	98686.1	0.00499299	1758099600000
1758103200000	bull	bear	98356.3	98222.1	loss	win	strong_bull	98464.4	98482.4	98318.5	98356.3	11.30452377	1758103200000
1758106800000	bull	bear	98227.5	98015	loss	win	strong_bull	98356.4	98365.4	98210.6	98227.5	8.21715529	1758106800000
1758110400000	bull	bear	98222.1	97604.9	loss	win	strong_bull	98227.5	98469.6	98130	98222.1	12.69936741	1758110400000
1758114000000	bull	bear	98015	97825.1	loss	win	strong_bull	98222.1	98222.1	97900	98015	21.21644358	1758114000000
1758117600000	bull	bear	97604.9	97588.7	loss	win	strong_bull	98015	98140.9	97499.6	97604.9	16.68497565	1758117600000
1758121200000	bull	bear	97825.1	97516.9	loss	win	strong_bull	97604.7	97825.2	97570.8	97825.1	10.40003861	1758121200000
1758124800000	bull	bear	97588.7	97205.1	loss	win	strong_bull	97825.2	97825.2	97414.3	97588.7	8.69411395	1758124800000
1758128400000	bull	bear	97516.9	97316.8	loss	win	strong_bull	97588.7	98140.9	97516.9	97516.9	12.2621997	1758128400000
1758132000000	bull	bear	97205.1	97840.1	win	loss	strong_bull	97578.1	97999.4	96800	97205.1	46.50534623	1758132000000
1758135600000	bull	bear	97316.8	97864.6	win	loss	strong_bull	97403.4	97403.4	97316.8	97316.8	0.00748352	1758135600000
1758139200000	bull	bear	97840.1	98250	win	loss	strong_bull	97840.1	97840.1	97840	97840.1	0.05143571	1758139200000
1758142800000	bull	bear	97864.6	98480.6	win	loss	strong_bull	97882.3	97890.9	97864.5	97864.6	0.00335786	1758142800000
1758146400000	bull	bear	98250	98429.9	win	loss	strong_bull	98225.6	98250	98225.6	98250	0.00595957	1758146400000
1758150000000	bull	bear	98480.6	98749.6	win	loss	strong_bull	98690.1	98897.6	98400.1	98480.6	3.19482185	1758150000000
1758153600000	bull	bear	98429.9	98897.5	win	loss	strong_bull	98480.6	98553.5	98300.1	98429.9	1.73954039	1758153600000
1758157200000	bull	bear	98749.6	99529.4	win	loss	strong_bull	98413.4	98897.6	98413.2	98749.6	1.48408914	1758157200000
1758160800000	bull	bear	98897.5	99670	win	loss	strong_bull	98749.5	98897.6	98541.6	98897.5	0.67420897	1758160800000
1758164400000	bull	bear	99529.4	99481.8	loss	win	strong_bull	98897.6	99725.1	98897.6	99529.4	97.00608856	1758164400000
1758168000000	bull	bear	99670	99300.1	loss	win	strong_bull	99526.5	99670	99343	99670	7.79509934	1758168000000
1758171600000	bull	bear	99481.8	99273.8	loss	win	strong_bull	99720.6	99720.6	99383.8	99481.8	9.44082217	1758171600000
1758175200000	bull	bear	99300.1	98982.3	loss	win	strong_bull	99481.8	99500	99300	99300.1	3.32346386	1758175200000
1758178800000	bull	bear	99273.8	99121.4	loss	win	strong_bull	99300	99300	99273.8	99273.8	0.1600848	1758178800000
1758182400000	bull	bear	98982.3	99116.9	win	loss	strong_bull	98982.4	98982.4	98982.3	98982.3	0.02905609	1758182400000
1758186000000	bull	bear	99121.4	99000	loss	win	strong_bull	99134.8	99138.1	99121.4	99121.4	0.00397784	1758186000000
1758189600000	bull	bear	99116.9	99008.6	loss	win	strong_bull	99116.9	99116.9	99116.9	99116.9	0.00169079	1758189600000
1758193200000	bull	bear	99000	99289.6	win	loss	strong_bull	99000	99000	98999.9	99000	0.02178085	1758193200000
1758196800000	bull	bear	99008.6	99811.8	win	loss	strong_bull	99017.6	99044.7	99008.6	99008.6	0.02666062	1758196800000
1758200400000	bull	bear	99289.6	99933.8	win	loss	strong_bull	99326.9	99326.9	99289.5	99289.6	0.09611238	1758200400000
1758204000000	bull	bear	99811.8	99898.1	win	loss	strong_bull	99834.8	99834.8	99811.7	99811.8	0.17876698	1758204000000
1758207600000	bull	bear	99933.8	99765.9	loss	win	strong_bull	99933.8	99933.8	99933.7	99933.8	0.05261164	1758207600000
1758211200000	bull	bear	99898.1	99765.9	loss	win	strong_bull	99848.4	99910.5	99848.4	99898.1	0.07774899	1758211200000
1758214800000	bull	bear	99765.9	99999.9	win	loss	strong_bull	99772.2	99772.2	99765.8	99765.9	0.02739807	1758214800000
1758218400000	bull	bear	99765.9	99666.6	loss	win	strong_bull	99780.9	99780.9	99764.4	99765.9	0.01121345	1758218400000
1758222000000	bull	bear	99999.9	99700.2	loss	win	strong_bull	100000	100000	99999.9	99999.9	0.03484621	1758222000000
1758225600000	bull	bear	99666.6	99532.1	loss	win	strong_bull	99682.7	99698.1	99661.9	99666.6	0.0138997	1758225600000
1758229200000	bull	bear	99700.2	99179.1	loss	win	strong_bull	99743.7	99743.7	99688.2	99700.2	0.01878646	1758229200000
1758232800000	bull	bear	99532.1	99404.8	loss	win	strong_bull	99551.8	99551.8	99532.1	99532.1	0.0083362	1758232800000
1758236400000	bull	bear	99179.1	99640	win	loss	strong_bull	99400.1	99400.1	99162.5	99179.1	1.21164175	1758236400000
1758240000000	bull	bear	99404.8	99547.2	win	loss	strong_bull	99345.3	99411.5	99340.1	99404.8	0.01616424	1758240000000
1758243600000	bull	bear	99640	99455.1	loss	win	strong_bull	99640	99640	99640	99640	0.00131285	1758243600000
1758247200000	bull	bear	99547.2	99324.6	loss	win	strong_bull	99547.2	99547.2	99547.2	99547.2	0.00462183	1758247200000
1758250800000	bull	bear	99455.1	99395.1	loss	win	strong_bull	99455.1	99455.1	99455.1	99455.1	0.0025645	1758250800000
1758254400000	bull	bear	99324.6	99323.1	loss	win	strong_bull	99324.6	99324.6	99324.6	99324.6	0	1758254400000
1758258000000	bull	bear	99395.1	99206.7	loss	win	strong_bull	99395.1	99395.1	99395	99395.1	0.0233188	1758258000000
1758261600000	bull	bear	99323.1	99369.6	win	loss	strong_bull	99323.1	99323.1	99323.1	99323.1	0.00640935	1758261600000
1758265200000	bull	bear	99206.7	99464.4	win	loss	strong_bull	99206.7	99206.7	99206.7	99206.7	0	1758265200000
1758268800000	bull	bear	99369.6	99132.5	loss	win	strong_bull	99369.6	99369.6	99369.6	99369.6	0	1758268800000
1758272400000	bull	bear	99464.4	99129	loss	win	strong_bull	99457.7	99464.5	99457.7	99464.4	0.12820276	1758272400000
1758276000000	bull	bear	99132.5	99163.7	win	loss	strong_bull	99132.5	99132.5	99132.5	99132.5	0	1758276000000
1758279600000	bull	bear	99129	99000	loss	win	strong_bull	99143	99143	99128.9	99129	0.06136802	1758279600000
1758283200000	bull	bear	99163.7	98964.6	loss	win	strong_bull	99163.7	99163.7	99163.7	99163.7	0.00852289	1758283200000
1758286800000	bull	bear	99000	98644.3	loss	win	strong_bull	99000	99000	99000	99000	0.00740638	1758286800000
1758290400000	bull	bear	98964.6	98603.5	loss	win	strong_bull	98974.2	98974.2	98964.6	98964.6	0.00724594	1758290400000
1758294000000	bull	bear	98644.3	98870.6	win	loss	strong_bull	98644.3	98644.3	98644.3	98644.3	0.00009988	1758294000000
1758297600000	bull	bear	98603.5	98400.1	loss	win	strong_bull	98722.9	98722.9	98600.6	98603.5	0.03277164	1758297600000
1758301200000	bull	bear	98870.6	98314.1	loss	win	strong_bull	98910.1	98910.1	98870.5	98870.6	0.19111666	1758301200000
1758304800000	bull	bear	98400.1	98110.1	loss	win	strong_bull	98400.1	98400.1	98400	98400.1	0.01090635	1758304800000
1758308400000	bull	bear	98314.1	98341.8	win	loss	strong_bull	98314.2	98314.2	98314.1	98314.1	0.00602509	1758308400000
1758312000000	bull	bear	98110.1	98387.6	win	loss	strong_bull	98115.1	98115.1	98110	98110.1	0.06532624	1758312000000
1758315600000	bull	bear	98341.8	98531.8	win	loss	strong_bull	98289.7	98341.8	98289.7	98341.8	0.00820578	1758315600000
1758319200000	bull	bear	98387.6	98556.2	win	loss	strong_bull	98387.6	98387.6	98387.5	98387.6	0.04652215	1758319200000
1758322800000	bull	bear	98531.8	98631.3	win	loss	strong_bull	98531.8	98531.8	98521.9	98531.8	0.01217626	1758322800000
1758326400000	bull	bear	98556.2	98506.3	loss	win	strong_bull	98556.2	98556.2	98556.2	98556.2	0.02223368	1758326400000
1758330000000	bull	bear	98631.3	98535.4	loss	win	strong_bull	98630.6	98631.3	98630.6	98631.3	0.00570994	1758330000000
1758333600000	bull	bear	98506.3	98413.5	loss	win	strong_bull	98548.1	98548.1	98498.1	98506.3	0.43426041	1758333600000
1758337200000	bull	bear	98535.4	98500.1	loss	win	strong_bull	98534.8	98535.4	98526.3	98535.4	0.00772019	1758337200000
1758340800000	bull	bear	98413.5	98637.3	win	loss	strong_bull	98413.7	98413.7	98411.2	98413.5	0.00688011	1758340800000
1758344400000	bull	bear	98500.1	98629.6	win	loss	strong_bull	98500.2	98505.1	98500.1	98500.1	0.03238633	1758344400000
1758348000000	bull	bear	98637.3	98866.8	win	loss	strong_bull	98637.3	98637.3	98637.2	98637.3	0.00970723	1758348000000
1758351600000	bull	bear	98629.6	98701.1	win	loss	strong_bull	98623.7	98629.6	98623.7	98629.6	0.0085422	1758351600000
1758355200000	bull	bear	98866.8	98601.7	loss	win	strong_bull	98864.9	98870.7	98864.9	98866.8	0.0967397	1758355200000
1758358800000	bull	bear	98701.1	98672.9	loss	win	strong_bull	98701.1	98701.1	98701.1	98701.1	0.00069973	1758358800000
1758362400000	bull	bear	98601.7	98821.8	win	loss	strong_bull	98601.8	98601.8	98601.7	98601.7	0.00440602	1758362400000
1758366000000	bull	bear	98672.9	98777.2	win	loss	strong_bull	98663.2	98672.9	98663.2	98672.9	0.01167759	1758366000000
1758369600000	bull	bear	98821.8	98807	loss	win	strong_bull	98789.3	98821.8	98789.3	98821.8	0.01982679	1758369600000
1758373200000	bull	bear	98777.2	98907.8	win	loss	strong_bull	98777.2	98777.2	98777.2	98777.2	0	1758373200000
1758376800000	bull	bear	98807	98876	win	loss	strong_bull	98807	98807	98807	98807	0.00236347	1758376800000
1758380400000	bull	bear	98907.8	98949.6	win	loss	strong_bull	98846.7	98916.2	98846.6	98907.8	0.03287358	1758380400000
1758384000000	bull	bear	98876	98740.7	loss	win	strong_bull	98876	98876	98875.9	98876	0.04064597	1758384000000
1758387600000	bull	bear	98949.6	98656	loss	win	strong_bull	98927.7	98949.7	98927.6	98949.6	0.00427649	1758387600000
1758391200000	bull	bear	98740.7	98640.1	loss	win	strong_bull	98740.7	98740.7	98740.7	98740.7	0	1758391200000
1758394800000	bull	bear	98656	98698.6	win	loss	strong_bull	98656	98656	98656	98656	0.00890766	1758394800000
1758398400000	bull	bear	98640.1	98706.2	win	loss	strong_bull	98640.1	98640.1	98640	98640.1	0.02082352	1758398400000
1758402000000	bull	bear	98698.6	98711.9	win	loss	strong_bull	98698.6	98698.6	98698.6	98698.6	0.00531595	1758402000000
1758405600000	bull	bear	98706.2	98612.3	loss	win	strong_bull	98747.4	98747.4	98706.1	98706.2	0.03011334	1758405600000
1758409200000	bull	bear	98711.9	98600.1	loss	win	strong_bull	98711.9	98711.9	98711.8	98711.9	0.01510555	1758409200000
1758412800000	bull	bear	98612.3	98500.1	loss	win	strong_bull	98612.3	98612.3	98612.2	98612.3	0.01661626	1758412800000
1758416400000	bull	bear	98600.1	98555.5	loss	win	strong_bull	98600.1	98600.1	98600	98600.1	0.01167018	1758416400000
1758420000000	bull	bear	98500.1	98555.5	win	loss	strong_bull	98500.1	98500.1	98500	98500.1	0.0164566	1758420000000
1758423600000	bull	bear	98555.5	98429.5	loss	win	strong_bull	98555.5	98555.5	98555.5	98555.5	0.01149171	1758423600000
1758427200000	bull	bear	98555.5	98555.5	loss	loss	strong_bull	98555.5	98555.5	98555.4	98555.5	0.00707972	1758427200000
1758430800000	bull	bear	98429.5	98637.3	win	loss	strong_bull	98429.5	98429.5	98429.5	98429.5	0.00741754	1758430800000
1758434400000	bull	bear	98555.5	98708	win	loss	strong_bull	98555.5	98555.5	98555.4	98555.5	0.01258223	1758434400000
1758438000000	bull	bear	98637.3	98548.5	loss	win	strong_bull	98637.3	98637.3	98637.3	98637.3	0.00221491	1758438000000
1758441600000	bull	bear	98708	98550	loss	win	strong_bull	98703.3	98708	98703.3	98708	0.04249826	1758441600000
1758445200000	bull	bear	98548.5	98455.1	loss	win	strong_bull	98548.5	98548.5	98548.5	98548.5	0.00468533	1758445200000
1758448800000	bull	bear	98550	98564	win	loss	strong_bull	98550	98550	98550	98550	0.01073038	1758448800000
1758452400000	bull	bear	98455.1	98600	win	loss	strong_bull	98455.1	98455.1	98455.1	98455.1	0.00926968	1758452400000
1758456000000	bull	bear	98564	98538.6	loss	win	strong_bull	98564	98564	98564	98564	0.00297269	1758456000000
1758459600000	bull	bear	98600	98475.1	loss	win	strong_bull	98600	98600	98600	98600	0	1758459600000
1758463200000	bull	bear	98538.6	98475.1	loss	win	strong_bull	98538.6	98538.6	98538.6	98538.6	0.00085986	1758463200000
1758466800000	bull	bear	98475.1	98225	loss	win	strong_bull	98475.1	98475.1	98475.1	98475.1	0	1758466800000
1758470400000	bull	bear	98475.1	98521	win	loss	strong_bull	98475.2	98475.2	98475.1	98475.1	0.1610884	1758470400000
1758474000000	bull	bear	98225	98462.3	win	loss	strong_bull	98225	98225	98225	98225	0	1758474000000
1758477600000	bull	bear	98521	98420.2	loss	win	strong_bull	98521	98521	98521	98521	0	1758477600000
1758481200000	bull	bear	98462.3	98250.1	loss	win	strong_bull	98462.3	98462.3	98462.2	98462.3	0.49245792	1758481200000
1758484800000	bull	bear	98420.2	98315.7	loss	win	strong_bull	98420.2	98420.2	98420.2	98420.2	0	1758484800000
1758488400000	bull	bear	98250.1	98469	win	loss	strong_bull	98250.1	98250.1	98250	98250.1	0.01305769	1758488400000
1758492000000	bull	bear	98315.7	98259.6	loss	win	strong_bull	98315.7	98315.7	98315.7	98315.7	0	1758492000000
1758495600000	bull	bear	98469	97621	loss	win	strong_bull	98469	98469	98469	98469	0.00050027	1758495600000
1758499200000	bull	bear	98259.6	97653.3	loss	win	strong_bull	98259.6	98259.6	98259.6	98259.6	0	1758499200000
1758502800000	bull	bear	97621	97514.2	loss	win	strong_bull	97621	97621	97621	97621	0	1758502800000
1758506400000	bull	bear	97653.3	97812.5	win	loss	strong_bull	97527.1	97659.4	97527.1	97653.3	0.04395109	1758506400000
1758510000000	bull	bear	97514.2	97690.2	win	loss	strong_bull	97500.1	97516.9	97500.1	97514.2	0.01707908	1758510000000
1758513600000	bull	bear	97812.5	96763.5	loss	win	strong_bull	97804.6	97817.5	97801.1	97812.5	0.05927102	1758513600000
1758517200000	bull	bear	97690.2	96200	loss	win	strong_bull	97701.8	97713.9	97600	97690.2	2.20206612	1758517200000
1758520800000	bull	bear	96763.5	95865.3	loss	win	strong_bull	97000	97000.1	96763.5	96763.5	14.37204843	1758520800000
1758524400000	bull	bear	96200	95875.1	loss	win	strong_bull	96200	96200	96200	96200	0.00292494	1758524400000
1758528000000	bull	bear	95865.3	95538.9	loss	win	strong_bull	95879.4	95879.4	95865.3	95865.3	0.36148047	1758528000000
1758531600000	bull	bear	95875.1	95891.1	win	loss	strong_bull	95896	95896	95875	95875.1	0.45623418	1758531600000
1758535200000	bull	bear	95538.9	95930	win	loss	strong_bull	95498.3	95556.2	95498.2	95538.9	0.49321876	1758535200000
1758538800000	bull	bear	95891.1	95790.4	loss	win	strong_bull	95891.1	95891.1	95891.1	95891.1	0	1758538800000
1758542400000	bull	bear	95930	96200	win	loss	strong_bull	95953.8	95953.8	95929.9	95930	0.23902733	1758542400000
1758546000000	bull	bear	95790.4	96049.7	win	loss	strong_bull	95797.5	95797.5	95790.3	95790.4	0.15757625	1758546000000
1758549600000	bull	bear	96200	95889.9	loss	win	strong_bull	96181.9	96207.1	96171.2	96200	0.26940877	1758549600000
1758553200000	bull	bear	96049.7	95652	loss	win	strong_bull	96049.8	96049.8	96049.7	96049.7	0.08495654	1758553200000
1758556800000	bull	bear	95889.9	95342	loss	win	strong_bull	95938.3	95952.8	95881.6	95889.9	0.08557714	1758556800000
1758560400000	bull	bear	95652	95435.6	loss	win	strong_bull	95678	95678	95642.3	95652	0.17151344	1758560400000
1758564000000	bull	bear	95342	95133.8	loss	win	strong_bull	95360	95360	95327	95342	1.02518904	1758564000000
1758567600000	bull	bear	95435.6	95660.1	win	loss	strong_bull	95419.9	95435.6	95419.9	95435.6	0.01098765	1758567600000
1758571200000	bull	bear	95133.8	95842.5	win	loss	strong_bull	95118.5	95133.8	95113.1	95133.8	0.03250149	1758571200000
1758574800000	bull	bear	95660.1	95572.9	loss	win	strong_bull	95660	95660.1	95660	95660.1	0.03251949	1758574800000
1758578400000	bull	bear	95842.5	95571.2	loss	win	strong_bull	95850.6	95850.6	95842.5	95842.5	0.02711349	1758578400000
1758582000000	bull	bear	95572.9	95338.8	loss	win	strong_bull	95570.9	95605.1	95570.9	95572.9	0.02530193	1758582000000
1758585600000	bull	bear	95571.2	95082.5	loss	win	strong_bull	95575	95575	95571.2	95571.2	0.0174772	1758585600000
1758589200000	bull	bear	95338.8	94806.6	loss	win	strong_bull	95322	95338.8	95322	95338.8	0.01091094	1758589200000
1758592800000	bull	bear	95082.5	95297.1	win	loss	strong_bull	95022.2	95103.8	95022.2	95082.5	0.21470952	1758592800000
1758596400000	bull	bear	94806.6	95446.8	win	loss	strong_bull	94835.5	94835.5	94806.6	94806.6	0.00650079	1758596400000
1758600000000	bull	bear	95297.1	95589.8	win	loss	strong_bull	95210	95297.1	95209.9	95297.1	0.10909839	1758600000000
1758603600000	bull	bear	95446.8	95940.5	win	loss	strong_bull	95407.9	95449.6	95407.9	95446.8	0.00889629	1758603600000
1758607200000	bull	bear	95589.8	95999.9	win	loss	strong_bull	95567.4	95589.8	95567.4	95589.8	0.03798128	1758607200000
1758610800000	bull	bear	95940.5	95920	loss	win	strong_bull	95940.5	95940.5	95940.5	95940.5	0.00783838	1758610800000
1758614400000	bull	bear	95999.9	95772.6	loss	win	strong_bull	95999.9	95999.9	95999.8	95999.9	0.00324979	1758614400000
1758618000000	bull	bear	95920	95871.4	loss	win	strong_bull	95920	95920	95920	95920	0.00416984	1758618000000
1758621600000	bull	bear	95772.6	95887.1	win	loss	strong_bull	95772.6	95772.6	95772.6	95772.6	0.02811132	1758621600000
1758625200000	bull	bear	95871.4	95821.4	loss	win	strong_bull	95871.4	95871.4	95871.3	95871.4	0.00567792	1758625200000
1758628800000	bull	bear	95887.1	95800.3	loss	win	strong_bull	95883.9	95887.1	95883.9	95887.1	0.00134618	1758628800000
1758632400000	bull	bear	95821.4	95590.1	loss	win	strong_bull	95821.5	95821.5	95821.4	95821.4	0.00742083	1758632400000
1758636000000	bull	bear	95800.3	95788.1	loss	win	strong_bull	95819.3	95819.3	95800.2	95800.3	0.10485673	1758636000000
1758639600000	bull	bear	95590.1	95650.1	win	loss	strong_bull	95590.1	95590.1	95590.1	95590.1	0.00122651	1758639600000
1758643200000	bull	bear	95788.1	94818.1	loss	win	strong_bull	95769.8	95788.1	95768.4	95788.1	0.23187167	1758643200000
1758646800000	bull	bear	95650.1	94720.1	loss	win	strong_bull	95650.2	95666	95650	95650.1	0.02590504	1758646800000
1758650400000	bull	bear	94818.1	94536.2	loss	win	strong_bull	94830.8	94850	94780.8	94818.1	1.96323849	1758650400000
1758654000000	bull	bear	94720.1	94825.6	win	loss	strong_bull	94720.1	94720.1	94720.1	94720.1	0.00389283	1758654000000
1758657600000	bull	bear	94536.2	94950.1	win	loss	strong_bull	94535.5	94546.5	94529.3	94536.2	0.02385095	1758657600000
1758661200000	bull	bear	94825.6	94981.5	win	loss	strong_bull	94836.3	94836.3	94825.5	94825.6	0.00480329	1758661200000
1758664800000	bull	bear	94950.1	94830.8	loss	win	strong_bull	94979.4	94979.4	94950	94950.1	0.03091014	1758664800000
1758668400000	bull	bear	94981.5	95113	win	loss	strong_bull	94981.5	94981.5	94981.5	94981.5	0	1758668400000
1758672000000	bull	bear	94830.8	95311	win	loss	strong_bull	94832	94832	94830.7	94830.8	0.01382604	1758672000000
1758675600000	bull	bear	95113	95084.6	loss	win	strong_bull	95113	95113	95113	95113	0	1758675600000
1758679200000	bull	bear	95311	94756.9	loss	win	strong_bull	95311.1	95311.1	95311	95311	0.0108956	1758679200000
1758682800000	bull	bear	95084.6	95066.8	loss	win	strong_bull	95078	95084.6	95078	95084.6	0.00717633	1758682800000
1758686400000	bull	bear	94756.9	95510.9	win	loss	strong_bull	94758.3	94758.3	94756.8	94756.9	0.01256554	1758686400000
1758690000000	bull	bear	95066.8	95572.8	win	loss	strong_bull	95071.1	95071.1	95045.8	95066.8	0.01864491	1758690000000
1758693600000	bull	bear	95510.9	95579.4	win	loss	strong_bull	95531.2	95543.1	95510.7	95510.9	0.02166965	1758693600000
1758697200000	bull	bear	95572.8	95654.4	win	loss	strong_bull	95564.6	95572.9	95564.6	95572.8	0.02000642	1758697200000
1758700800000	bull	bear	95579.4	95832.1	win	loss	strong_bull	95496.1	95617.9	95496.1	95579.4	0.20323266	1758700800000
1758704400000	bull	bear	95654.4	96122	win	loss	strong_bull	95689.2	95691.1	95654.4	95654.4	0.1968081	1758704400000
1758708000000	bull	bear	95832.1	96230.8	win	loss	strong_bull	95832.1	95832.1	95832	95832.1	0.03495816	1758708000000
1758711600000	bull	bear	96122	96332.9	win	loss	strong_bull	96133.8	96150.1	96122	96122	0.01679033	1758711600000
1758715200000	bull	bear	96230.8	96900	win	loss	strong_bull	96228.7	96230.8	96228.6	96230.8	0.01905559	1758715200000
1758718800000	bull	bear	96332.9	97000	win	loss	strong_bull	96333	96333	96332.9	96332.9	0.00236808	1758718800000
1758722400000	bull	bear	96900	96610.4	loss	win	strong_bull	96149.4	97000	96149.4	96900	22.65043819	1758722400000
1758726000000	bull	bear	97000	96961	loss	win	strong_bull	96908.8	97000	96908.7	97000	0.29098564	1758726000000
1758729600000	bull	bear	96610.4	96989.4	win	loss	strong_bull	96611.3	96642.1	96610.4	96610.4	0.09438607	1758729600000
1758733200000	bull	bear	96961	96878.3	loss	win	strong_bull	96974.9	96974.9	96960.9	96961	0.66435537	1758733200000
1758736800000	bull	bear	96989.4	96682.9	loss	win	strong_bull	96970.1	96989.4	96970.1	96989.4	0.00391808	1758736800000
1758740400000	bull	bear	96878.3	96803.1	loss	win	strong_bull	96878.5	96878.5	96878.3	96878.3	0.05295269	1758740400000
1758744000000	bull	bear	96682.9	96688.9	win	loss	strong_bull	96682.9	96682.9	96682.9	96682.9	0.00353279	1758744000000
1758747600000	bull	bear	96803.1	96537.8	loss	win	strong_bull	96803.1	96803.1	96803.1	96803.1	0.00045799	1758747600000
1758751200000	bull	bear	96688.9	96559.9	loss	win	strong_bull	96617.8	96689	96617.8	96688.9	0.01110229	1758751200000
1758754800000	bull	bear	96537.8	96287.4	loss	win	strong_bull	96537.8	96537.8	96537.8	96537.8	0.00518443	1758754800000
1758758400000	bull	bear	96559.9	96003.9	loss	win	strong_bull	96557.7	96560	96557.7	96559.9	0.03738568	1758758400000
1758762000000	bull	bear	96287.4	96125	loss	win	strong_bull	96287.4	96287.4	96287.3	96287.4	0.02037476	1758762000000
1758765600000	bull	bear	96003.9	95798.8	loss	win	strong_bull	95905	96003.9	95905	96003.9	0.0097006	1758765600000
1758769200000	bull	bear	96125	95100.1	loss	win	strong_bull	96125	96125	96125	96125	0.00305811	1758769200000
1758772800000	bull	bear	95798.8	95226.9	loss	win	strong_bull	95798.8	95798.8	95798.7	95798.8	0.43047553	1758772800000
1758776400000	bull	bear	95100.1	95000.1	loss	win	strong_bull	95102.8	95102.8	95100.1	95100.1	0.0080036	1758776400000
1758780000000	bull	bear	95226.9	95336.9	win	loss	strong_bull	95202.2	95249.9	95200.1	95226.9	0.01646821	1758780000000
1758783600000	bull	bear	95000.1	95202.3	win	loss	strong_bull	95004.9	95004.9	95000	95000.1	0.05162584	1758783600000
1758787200000	bull	bear	95336.9	95120.1	loss	win	strong_bull	95337	95337	95336.9	95336.9	0.03744934	1758787200000
1758790800000	bull	bear	95202.3	95079.7	loss	win	strong_bull	95216	95216	95202.2	95202.3	0.00773998	1758790800000
1758794400000	bull	bear	95120.1	94860.1	loss	win	strong_bull	95120.1	95120.1	95120	95120.1	0.07238983	1758794400000
1758798000000	bull	bear	95079.7	95057.2	loss	win	strong_bull	95079.7	95079.7	95079.7	95079.7	0	1758798000000
1758801600000	bull	bear	94860.1	95580.1	win	loss	strong_bull	94892.6	94892.6	94860	94860.1	0.0246031	1758801600000
1758805200000	bull	bear	95057.2	95413.6	win	loss	strong_bull	95084.5	95084.5	95057.1	95057.2	0.01567083	1758805200000
1758808800000	bull	bear	95580.1	95664.7	win	loss	strong_bull	95000	95659.4	94999.9	95580.1	20.34355692	1758808800000
1758812400000	bull	bear	95413.6	95136	loss	win	strong_bull	95550.8	95595	95011	95413.6	10.93892233	1758812400000
1758816000000	bull	bear	95664.7	93317.5	loss	win	strong_bull	95600	95665.1	95600	95664.7	0.40333998	1758816000000
1758819600000	bull	bear	95136	94280	loss	win	strong_bull	95136	95136	95136	95136	0	1758819600000
1758823200000	bull	bear	93317.5	93839.2	win	loss	strong_bull	93391.4	93410.9	93312.2	93317.5	0.39411227	1758823200000
1758826800000	bull	bear	94280	93610.1	loss	win	strong_bull	94229.6	94326.4	94229.6	94280	0.96298264	1758826800000
1758830400000	bull	bear	93839.2	93900.1	win	loss	strong_bull	93820.7	93839.9	93817.1	93839.2	0.23375873	1758830400000
1758834000000	bull	bear	93610.1	93856.7	win	loss	strong_bull	93600.1	93610.1	93600	93610.1	0.38311442	1758834000000
1758837600000	bull	bear	93900.1	93500.1	loss	win	strong_bull	93900.1	93900.1	93900.1	93900.1	0.0146527	1758837600000
1758841200000	bull	bear	93856.7	93872.9	win	loss	strong_bull	93856.7	93856.7	93856.7	93856.7	0.00956094	1758841200000
1758844800000	bull	bear	93500.1	94080.9	win	loss	strong_bull	93533.6	93534.8	93500	93500.1	0.04581365	1758844800000
1758848400000	bull	bear	93872.9	93922.7	win	loss	strong_bull	93873.5	93898.1	93858.9	93872.9	0.00761878	1758848400000
1758852000000	bull	bear	94080.9	93909	loss	win	strong_bull	94074.9	94082.5	94064.4	94080.9	0.0151157	1758852000000
1758855600000	bull	bear	93922.7	93703.1	loss	win	strong_bull	93922.7	93922.7	93922.7	93922.7	0.0018228	1758855600000
1758859200000	bull	bear	93909	93621.4	loss	win	strong_bull	93909	93909	93909	93909	0.00426789	1758859200000
1758862800000	bull	bear	93703.1	93701	loss	win	strong_bull	93703.1	93703.1	93703	93703.1	0.01147439	1758862800000
1758866400000	bull	bear	93621.4	93743.5	win	loss	strong_bull	93639.4	93639.4	93606.3	93621.4	0.0304703	1758866400000
1758870000000	bull	bear	93701	93873.7	win	loss	strong_bull	93701	93701	93700.9	93701	0.03040778	1758870000000
1758873600000	bull	bear	93743.5	93850	win	loss	strong_bull	93732.6	93757	93732.5	93743.5	0.02525225	1758873600000
1758877200000	bull	bear	93873.7	93442.9	loss	win	strong_bull	93873.6	93873.7	93873.6	93873.7	0.01015003	1758877200000
1758880800000	bull	bear	93850	93554.4	loss	win	strong_bull	93850	93850	93849.9	93850	0.0124061	1758880800000
1758884400000	bull	bear	93442.9	93778.9	win	loss	strong_bull	93442.9	93442.9	93442.9	93442.9	0.0236997	1758884400000
1758888000000	bull	bear	93554.4	93995.1	win	loss	strong_bull	93576.3	93576.3	93554.4	93554.4	0.00628039	1758888000000
1758891600000	bull	bear	93778.9	93150.2	loss	win	strong_bull	93695.8	93778.9	93695.8	93778.9	0.00877007	1758891600000
1758895200000	bull	bear	93995.1	93351.6	loss	win	strong_bull	93995.1	93995.1	93995.1	93995.1	0	1758895200000
1758898800000	bull	bear	93150.2	93684.6	win	loss	strong_bull	93150.2	93150.2	93150.2	93150.2	0.00020096	1758898800000
1758902400000	bull	bear	93351.6	94041.7	win	loss	strong_bull	93351.6	93351.6	93351.6	93351.6	0	1758902400000
1758906000000	bull	bear	93684.6	93866.3	win	loss	strong_bull	93684.6	93684.6	93684.6	93684.6	0	1758906000000
1758909600000	bull	bear	94041.7	93388	loss	win	strong_bull	94041.7	94041.7	94041.7	94041.7	0	1758909600000
1758913200000	bull	bear	93866.3	93501.5	loss	win	strong_bull	93866.3	93866.3	93866.3	93866.3	0.00150198	1758913200000
1758916800000	bull	bear	93388	93697.4	win	loss	strong_bull	93388	93388	93388	93388	0	1758916800000
1758920400000	bull	bear	93501.5	93744.7	win	loss	strong_bull	93501.5	93501.5	93501.5	93501.5	0.00210739	1758920400000
1758924000000	bull	bear	93697.4	93833.8	win	loss	strong_bull	93697.4	93697.4	93697.4	93697.4	0.00026287	1758924000000
1758927600000	bull	bear	93744.7	93816.6	win	loss	strong_bull	93744.7	93744.7	93744.7	93744.7	0	1758927600000
1758931200000	bull	bear	93833.8	93640.1	loss	win	strong_bull	93833.8	93833.8	93833.8	93833.8	0	1758931200000
1758934800000	bull	bear	93816.6	93617	loss	win	strong_bull	93816.6	93816.6	93816.6	93816.6	0	1758934800000
1758938400000	bull	bear	93640.1	93738.5	win	loss	strong_bull	93640.1	93640.1	93640.1	93640.1	0	1758938400000
1758942000000	bull	bear	93617	93822.8	win	loss	strong_bull	93617	93617	93617	93617	0.01038823	1758942000000
1758945600000	bull	bear	93738.5	93840	win	loss	strong_bull	93738.5	93738.5	93738.5	93738.5	0.03451279	1758945600000
1758949200000	bull	bear	93822.8	93740.1	loss	win	strong_bull	93826.1	93826.1	93822.8	93822.8	0.08371066	1758949200000
1758952800000	bull	bear	93840	93615.6	loss	win	strong_bull	93840.1	93840.1	93840	93840	0.06345201	1758952800000
1758956400000	bull	bear	93740.1	93481.9	loss	win	strong_bull	93740.1	93740.1	93740.1	93740.1	0.01032034	1758956400000
1758960000000	bull	bear	93615.6	93548.5	loss	win	strong_bull	93634.7	93634.7	93607.7	93615.6	0.0127508	1758960000000
1758963600000	bull	bear	93481.9	93481.9	pending	pending	strong_bull	93481.9	93481.9	93481.8	93481.9	0.01446897	1758963600000
1758967200000	bull	bear	93548.5	93548.5	pending	pending	strong_bull	93548.6	93548.6	93548.5	93548.5	0.00600542	1758967200000
